<?xml version="1.0" encoding="UTF-8"?>
<coverage generated="1656534614806" clover="3.2.0">
  <project timestamp="1656534614806" name="All files">
    <metrics statements="29" coveredstatements="23" conditionals="8" coveredconditionals="8" methods="7" coveredmethods="6" elements="44" coveredelements="37" complexity="0" loc="29" ncloc="29" packages="1" files="1" classes="1"/>
    <file name="linkedlist.js" path="/Users/Adam/Git/Coding-Practice/JS Class Practice/Linked Lists/linkedlist.js">
      <metrics statements="29" coveredstatements="23" conditionals="8" coveredconditionals="8" methods="7" coveredmethods="6"/>
      <line num="4" count="9" type="stmt"/>
      <line num="5" count="9" type="stmt"/>
      <line num="9" count="25" type="stmt"/>
      <line num="10" count="25" type="stmt"/>
      <line num="11" count="25" type="stmt"/>
      <line num="15" count="4" type="cond" truecount="2" falsecount="0"/>
      <line num="16" count="3" type="stmt"/>
      <line num="17" count="3" type="cond" truecount="2" falsecount="0"/>
      <line num="18" count="1" type="stmt"/>
      <line num="19" count="1" type="stmt"/>
      <line num="23" count="8" type="cond" truecount="4" falsecount="0"/>
      <line num="24" count="4" type="stmt"/>
      <line num="25" count="4" type="stmt"/>
      <line num="26" count="9" type="stmt"/>
      <line num="28" count="4" type="stmt"/>
      <line num="32" count="0" type="stmt"/>
      <line num="33" count="0" type="stmt"/>
      <line num="34" count="0" type="stmt"/>
      <line num="35" count="0" type="stmt"/>
      <line num="36" count="0" type="stmt"/>
      <line num="38" count="0" type="stmt"/>
      <line num="44" count="26" type="stmt"/>
      <line num="45" count="26" type="stmt"/>
      <line num="49" count="1" type="stmt"/>
      <line num="50" count="8" type="stmt"/>
      <line num="51" count="8" type="stmt"/>
      <line num="52" count="22" type="stmt"/>
      <line num="54" count="8" type="stmt"/>
      <line num="57" count="1" type="stmt"/>
    </file>
  </project>
</coverage>
