{"/Users/Adam/Git/Coding-Practice/JS Class Practice/Linked Lists/linkedlist.js": {"path":"/Users/Adam/Git/Coding-Practice/JS Class Practice/Linked Lists/linkedlist.js","statementMap":{"0":{"start":{"line":4,"column":8},"end":{"line":4,"column":24}},"1":{"start":{"line":5,"column":8},"end":{"line":5,"column":23}},"2":{"start":{"line":8,"column":24},"end":{"line":8,"column":59}},"3":{"start":{"line":9,"column":8},"end":{"line":9,"column":27}},"4":{"start":{"line":10,"column":8},"end":{"line":10,"column":21}},"5":{"start":{"line":14,"column":8},"end":{"line":14,"column":58}},"6":{"start":{"line":14,"column":46},"end":{"line":14,"column":58}},"7":{"start":{"line":15,"column":22},"end":{"line":15,"column":31}},"8":{"start":{"line":16,"column":8},"end":{"line":18,"column":9}},"9":{"start":{"line":16,"column":21},"end":{"line":16,"column":22}},"10":{"start":{"line":17,"column":12},"end":{"line":17,"column":35}},"11":{"start":{"line":19,"column":8},"end":{"line":19,"column":23}},"12":{"start":{"line":25,"column":8},"end":{"line":25,"column":27}},"13":{"start":{"line":26,"column":8},"end":{"line":26,"column":25}},"14":{"start":{"line":30,"column":0},"end":{"line":37,"column":1}},"15":{"start":{"line":31,"column":17},"end":{"line":31,"column":33}},"16":{"start":{"line":32,"column":4},"end":{"line":35,"column":5}},"17":{"start":{"line":32,"column":17},"end":{"line":32,"column":34}},"18":{"start":{"line":33,"column":8},"end":{"line":33,"column":36}},"19":{"start":{"line":36,"column":4},"end":{"line":36,"column":16}},"20":{"start":{"line":39,"column":0},"end":{"line":39,"column":28}}},"fnMap":{"0":{"name":"(anonymous_0)","decl":{"start":{"line":3,"column":4},"end":{"line":3,"column":5}},"loc":{"start":{"line":3,"column":18},"end":{"line":6,"column":5}},"line":3},"1":{"name":"(anonymous_1)","decl":{"start":{"line":7,"column":4},"end":{"line":7,"column":5}},"loc":{"start":{"line":7,"column":22},"end":{"line":11,"column":5}},"line":7},"2":{"name":"(anonymous_2)","decl":{"start":{"line":13,"column":4},"end":{"line":13,"column":5}},"loc":{"start":{"line":13,"column":22},"end":{"line":20,"column":5}},"line":13},"3":{"name":"(anonymous_3)","decl":{"start":{"line":24,"column":4},"end":{"line":24,"column":5}},"loc":{"start":{"line":24,"column":30},"end":{"line":27,"column":5}},"line":24},"4":{"name":"(anonymous_4)","decl":{"start":{"line":30,"column":24},"end":{"line":30,"column":25}},"loc":{"start":{"line":30,"column":44},"end":{"line":37,"column":1}},"line":30}},"branchMap":{"0":{"loc":{"start":{"line":14,"column":8},"end":{"line":14,"column":58}},"type":"if","locations":[{"start":{"line":14,"column":8},"end":{"line":14,"column":58}},{"start":{},"end":{}}],"line":14},"1":{"loc":{"start":{"line":14,"column":12},"end":{"line":14,"column":44}},"type":"binary-expr","locations":[{"start":{"line":14,"column":12},"end":{"line":14,"column":21}},{"start":{"line":14,"column":25},"end":{"line":14,"column":44}}],"line":14}},"s":{"0":5,"1":5,"2":14,"3":14,"4":14,"5":4,"6":2,"7":2,"8":2,"9":2,"10":4,"11":2,"12":14,"13":14,"14":1,"15":4,"16":4,"17":4,"18":12,"19":4,"20":1},"f":{"0":5,"1":14,"2":4,"3":14,"4":4},"b":{"0":[2,2],"1":[4,3]},"_coverageSchema":"1a1c01bbd47fc00a2c39e90264f33305004495a9","hash":"a0bf766149f20192201aa1a7fb1dbee095b29e98"}
}
