{"/Users/Adam/Git/Coding-Practice/JS Class Practice/Linked Lists/linkedlist.js": {"path":"/Users/Adam/Git/Coding-Practice/JS Class Practice/Linked Lists/linkedlist.js","statementMap":{"0":{"start":{"line":4,"column":8},"end":{"line":4,"column":25}},"1":{"start":{"line":5,"column":8},"end":{"line":5,"column":24}},"2":{"start":{"line":9,"column":24},"end":{"line":9,"column":59}},"3":{"start":{"line":10,"column":8},"end":{"line":10,"column":28}},"4":{"start":{"line":11,"column":8},"end":{"line":11,"column":22}},"5":{"start":{"line":15,"column":8},"end":{"line":15,"column":57}},"6":{"start":{"line":15,"column":25},"end":{"line":15,"column":57}},"7":{"start":{"line":16,"column":21},"end":{"line":16,"column":47}},"8":{"start":{"line":17,"column":8},"end":{"line":17,"column":39}},"9":{"start":{"line":17,"column":27},"end":{"line":17,"column":39}},"10":{"start":{"line":18,"column":8},"end":{"line":18,"column":57}},"11":{"start":{"line":19,"column":8},"end":{"line":19,"column":22}},"12":{"start":{"line":23,"column":8},"end":{"line":23,"column":58}},"13":{"start":{"line":23,"column":46},"end":{"line":23,"column":58}},"14":{"start":{"line":24,"column":22},"end":{"line":24,"column":31}},"15":{"start":{"line":25,"column":8},"end":{"line":27,"column":9}},"16":{"start":{"line":25,"column":21},"end":{"line":25,"column":22}},"17":{"start":{"line":26,"column":12},"end":{"line":26,"column":35}},"18":{"start":{"line":28,"column":8},"end":{"line":28,"column":23}},"19":{"start":{"line":32,"column":21},"end":{"line":32,"column":23}},"20":{"start":{"line":33,"column":22},"end":{"line":33,"column":31}},"21":{"start":{"line":34,"column":8},"end":{"line":37,"column":9}},"22":{"start":{"line":35,"column":12},"end":{"line":35,"column":53}},"23":{"start":{"line":36,"column":12},"end":{"line":36,"column":35}},"24":{"start":{"line":38,"column":8},"end":{"line":38,"column":37}},"25":{"start":{"line":44,"column":8},"end":{"line":44,"column":27}},"26":{"start":{"line":45,"column":8},"end":{"line":45,"column":25}},"27":{"start":{"line":49,"column":0},"end":{"line":55,"column":1}},"28":{"start":{"line":50,"column":17},"end":{"line":50,"column":33}},"29":{"start":{"line":51,"column":4},"end":{"line":53,"column":5}},"30":{"start":{"line":51,"column":17},"end":{"line":51,"column":34}},"31":{"start":{"line":52,"column":8},"end":{"line":52,"column":37}},"32":{"start":{"line":54,"column":4},"end":{"line":54,"column":16}},"33":{"start":{"line":57,"column":0},"end":{"line":57,"column":28}}},"fnMap":{"0":{"name":"(anonymous_0)","decl":{"start":{"line":3,"column":4},"end":{"line":3,"column":5}},"loc":{"start":{"line":3,"column":18},"end":{"line":6,"column":5}},"line":3},"1":{"name":"(anonymous_1)","decl":{"start":{"line":8,"column":4},"end":{"line":8,"column":5}},"loc":{"start":{"line":8,"column":22},"end":{"line":12,"column":5}},"line":8},"2":{"name":"(anonymous_2)","decl":{"start":{"line":14,"column":4},"end":{"line":14,"column":5}},"loc":{"start":{"line":14,"column":32},"end":{"line":20,"column":5}},"line":14},"3":{"name":"(anonymous_3)","decl":{"start":{"line":22,"column":4},"end":{"line":22,"column":5}},"loc":{"start":{"line":22,"column":22},"end":{"line":29,"column":5}},"line":22},"4":{"name":"(anonymous_4)","decl":{"start":{"line":31,"column":4},"end":{"line":31,"column":5}},"loc":{"start":{"line":31,"column":15},"end":{"line":39,"column":5}},"line":31},"5":{"name":"(anonymous_5)","decl":{"start":{"line":43,"column":4},"end":{"line":43,"column":5}},"loc":{"start":{"line":43,"column":30},"end":{"line":46,"column":5}},"line":43},"6":{"name":"(anonymous_6)","decl":{"start":{"line":49,"column":24},"end":{"line":49,"column":25}},"loc":{"start":{"line":49,"column":44},"end":{"line":55,"column":1}},"line":49}},"branchMap":{"0":{"loc":{"start":{"line":15,"column":8},"end":{"line":15,"column":57}},"type":"if","locations":[{"start":{"line":15,"column":8},"end":{"line":15,"column":57}},{"start":{},"end":{}}],"line":15},"1":{"loc":{"start":{"line":17,"column":8},"end":{"line":17,"column":39}},"type":"if","locations":[{"start":{"line":17,"column":8},"end":{"line":17,"column":39}},{"start":{},"end":{}}],"line":17},"2":{"loc":{"start":{"line":23,"column":8},"end":{"line":23,"column":58}},"type":"if","locations":[{"start":{"line":23,"column":8},"end":{"line":23,"column":58}},{"start":{},"end":{}}],"line":23},"3":{"loc":{"start":{"line":23,"column":12},"end":{"line":23,"column":44}},"type":"binary-expr","locations":[{"start":{"line":23,"column":12},"end":{"line":23,"column":21}},{"start":{"line":23,"column":25},"end":{"line":23,"column":44}}],"line":23}},"s":{"0":9,"1":9,"2":25,"3":25,"4":25,"5":4,"6":1,"7":3,"8":3,"9":2,"10":1,"11":1,"12":8,"13":4,"14":4,"15":4,"16":4,"17":9,"18":4,"19":0,"20":0,"21":0,"22":0,"23":0,"24":0,"25":26,"26":26,"27":1,"28":8,"29":8,"30":8,"31":22,"32":8,"33":1},"f":{"0":9,"1":25,"2":4,"3":8,"4":0,"5":26,"6":8},"b":{"0":[1,3],"1":[2,1],"2":[4,4],"3":[8,6]},"_coverageSchema":"1a1c01bbd47fc00a2c39e90264f33305004495a9","hash":"e63a12317430f5147c40222e10ba6851d078835a"}
}
