TN:
SF:linkedlist.js
FN:3,(anonymous_0)
FN:8,(anonymous_1)
FN:14,(anonymous_2)
FN:22,(anonymous_3)
FN:31,(anonymous_4)
FN:43,(anonymous_5)
FN:49,(anonymous_6)
FNF:7
FNH:6
FNDA:9,(anonymous_0)
FNDA:25,(anonymous_1)
FNDA:4,(anonymous_2)
FNDA:8,(anonymous_3)
FNDA:0,(anonymous_4)
FNDA:26,(anonymous_5)
FNDA:8,(anonymous_6)
DA:4,9
DA:5,9
DA:9,25
DA:10,25
DA:11,25
DA:15,4
DA:16,3
DA:17,3
DA:18,1
DA:19,1
DA:23,8
DA:24,4
DA:25,4
DA:26,9
DA:28,4
DA:32,0
DA:33,0
DA:34,0
DA:35,0
DA:36,0
DA:38,0
DA:44,26
DA:45,26
DA:49,1
DA:50,8
DA:51,8
DA:52,22
DA:54,8
DA:57,1
LF:29
LH:23
BRDA:15,0,0,1
BRDA:15,0,1,3
BRDA:17,1,0,2
BRDA:17,1,1,1
BRDA:23,2,0,4
BRDA:23,2,1,4
BRDA:23,3,0,8
BRDA:23,3,1,6
BRF:8
BRH:8
end_of_record
